<?xml version="1.0" encoding="UTF-8"?>
<!-- Generated by org.testng.reporters.JUnitXMLReporter -->
<testsuite hostname="DESKTOP-LT0H2AE" ignored="0" name="Default test" tests="6" failures="2" timestamp="05 Aug 2019 18:58:47 GMT" time="111.542" errors="0">
  <testcase name="runScenario" time="28.184" classname="cucumber.api.testng.AbstractTestNGCucumberTests"/>
  <testcase name="runScenario" time="20.455" classname="cucumber.api.testng.AbstractTestNGCucumberTests">
    <failure type="java.lang.AssertionError" message="expected [Username] but found [linda.anderson]">
      <![CDATA[java.lang.AssertionError: expected [Username] but found [linda.anderson]
at org.testng.Assert.fail(Assert.java:96)
at org.testng.Assert.failNotEquals(Assert.java:776)
at org.testng.Assert.assertEqualsImpl(Assert.java:137)
at org.testng.Assert.assertEquals(Assert.java:118)
at org.testng.Assert.assertEquals(Assert.java:453)
at org.testng.Assert.assertEquals(Assert.java:463)
at com.app.orangehrm.stepdefinitions.SearchByUsername_Step_Definition.user_is_showed_in_system_users_table(SearchByUsername_Step_Definition.java:33)
at ✽.User is showed in system users table "linda.anderson"(file:src/test/resources/com/orangehrm/features/DeleteUserInTable.feature:15)
]]>
    </failure>
  </testcase> <!-- runScenario -->
  <testcase name="runScenario" time="18.76" classname="cucumber.api.testng.AbstractTestNGCucumberTests"/>
  <testcase name="runScenario" time="17.719" classname="cucumber.api.testng.AbstractTestNGCucumberTests"/>
  <testcase name="runScenario" time="6.072" classname="cucumber.api.testng.AbstractTestNGCucumberTests"/>
  <testcase name="runScenario" time="20.028" classname="cucumber.api.testng.AbstractTestNGCucumberTests">
    <failure type="java.lang.AssertionError" message="expected [Username] but found [LindaAnderson]">
      <![CDATA[java.lang.AssertionError: expected [Username] but found [LindaAnderson]
at org.testng.Assert.fail(Assert.java:96)
at org.testng.Assert.failNotEquals(Assert.java:776)
at org.testng.Assert.assertEqualsImpl(Assert.java:137)
at org.testng.Assert.assertEquals(Assert.java:118)
at org.testng.Assert.assertEquals(Assert.java:453)
at org.testng.Assert.assertEquals(Assert.java:463)
at com.app.orangehrm.stepdefinitions.SearchByUsername_Step_Definition.user_is_showed_in_system_users_table(SearchByUsername_Step_Definition.java:33)
at ✽.User is showed in system users table "LindaAnderson"(file:src/test/resources/com/orangehrm/features/SearchByUsername.feature:15)
]]>
    </failure>
  </testcase> <!-- runScenario -->
</testsuite> <!-- Default test -->
