<?xml version="1.0" encoding="UTF-8"?>
<testng-results skipped="0" failed="0" ignored="0" total="1" passed="1">
  <reporter-output>
  </reporter-output>
  <suite name="Default suite" duration-ms="19214" started-at="2019-08-04T23:59:14Z" finished-at="2019-08-04T23:59:33Z">
    <groups>
      <group name="cucumber">
        <method signature="AbstractTestNGCucumberTests.runScenario(cucumber.api.testng.PickleEventWrapper, cucumber.api.testng.CucumberFeatureWrapper)[pri:0, instance:com.app.orangehrm.runners.CukesRunner@ff5b51f]" name="runScenario" class="cucumber.api.testng.AbstractTestNGCucumberTests"/>
      </group> <!-- cucumber -->
    </groups>
    <test name="Default test" duration-ms="19214" started-at="2019-08-04T23:59:14Z" finished-at="2019-08-04T23:59:33Z">
      <class name="com.app.orangehrm.runners.CukesRunner">
        <test-method status="PASS" signature="setUpClass()[pri:0, instance:com.app.orangehrm.runners.CukesRunner@ff5b51f]" name="setUpClass" is-config="true" duration-ms="148" started-at="2019-08-04T23:59:14Z" finished-at="2019-08-04T23:59:14Z">
          <reporter-output>
          </reporter-output>
        </test-method> <!-- setUpClass -->
        <test-method status="PASS" signature="runScenario(cucumber.api.testng.PickleEventWrapper, cucumber.api.testng.CucumberFeatureWrapper)[pri:0, instance:com.app.orangehrm.runners.CukesRunner@ff5b51f]" name="runScenario" duration-ms="18949" started-at="2019-08-04T23:59:14Z" description="Runs Cucumber Scenarios" data-provider="scenarios" finished-at="2019-08-04T23:59:33Z">
          <params>
            <param index="0">
              <value>
                <![CDATA["Delete users in the table"]]>
              </value>
            </param>
            <param index="1">
              <value>
                <![CDATA["Delete an User"]]>
              </value>
            </param>
          </params>
          <reporter-output>
          </reporter-output>
        </test-method> <!-- runScenario -->
        <test-method status="PASS" signature="tearDownClass()[pri:0, instance:com.app.orangehrm.runners.CukesRunner@ff5b51f]" name="tearDownClass" is-config="true" duration-ms="39" started-at="2019-08-04T23:59:33Z" finished-at="2019-08-04T23:59:33Z">
          <reporter-output>
          </reporter-output>
        </test-method> <!-- tearDownClass -->
      </class> <!-- com.app.orangehrm.runners.CukesRunner -->
    </test> <!-- Default test -->
  </suite> <!-- Default suite -->
</testng-results>
