<?xml version="1.0" encoding="UTF-8"?>
<testng-results skipped="0" failed="0" ignored="0" total="1" passed="1">
  <reporter-output>
  </reporter-output>
  <suite name="Default suite" duration-ms="32004" started-at="2019-10-27T20:52:35Z" finished-at="2019-10-27T20:53:07Z">
    <groups>
      <group name="cucumber">
        <method signature="AbstractTestNGCucumberTests.runScenario(cucumber.api.testng.PickleEventWrapper, cucumber.api.testng.CucumberFeatureWrapper)[pri:0, instance:com.app.orangehrm.runners.CukesRunner@6b09bb57]" name="runScenario" class="cucumber.api.testng.AbstractTestNGCucumberTests"/>
      </group> <!-- cucumber -->
    </groups>
    <test name="Default test" duration-ms="32004" started-at="2019-10-27T20:52:35Z" finished-at="2019-10-27T20:53:07Z">
      <class name="com.app.orangehrm.runners.CukesRunner">
        <test-method status="PASS" signature="setUpClass()[pri:0, instance:com.app.orangehrm.runners.CukesRunner@6b09bb57]" name="setUpClass" is-config="true" duration-ms="187" started-at="2019-10-27T20:52:35Z" finished-at="2019-10-27T20:52:35Z">
          <reporter-output>
          </reporter-output>
        </test-method> <!-- setUpClass -->
        <test-method status="PASS" signature="runScenario(cucumber.api.testng.PickleEventWrapper, cucumber.api.testng.CucumberFeatureWrapper)[pri:0, instance:com.app.orangehrm.runners.CukesRunner@6b09bb57]" name="runScenario" duration-ms="31566" started-at="2019-10-27T20:52:35Z" description="Runs Cucumber Scenarios" data-provider="scenarios" finished-at="2019-10-27T20:53:06Z">
          <params>
            <param index="0">
              <value>
                <![CDATA["As a Admin create a new user"]]>
              </value>
            </param>
            <param index="1">
              <value>
                <![CDATA["To Add a New User"]]>
              </value>
            </param>
          </params>
          <reporter-output>
          </reporter-output>
        </test-method> <!-- runScenario -->
        <test-method status="PASS" signature="tearDownClass()[pri:0, instance:com.app.orangehrm.runners.CukesRunner@6b09bb57]" name="tearDownClass" is-config="true" duration-ms="152" started-at="2019-10-27T20:53:06Z" finished-at="2019-10-27T20:53:07Z">
          <reporter-output>
          </reporter-output>
        </test-method> <!-- tearDownClass -->
      </class> <!-- com.app.orangehrm.runners.CukesRunner -->
    </test> <!-- Default test -->
  </suite> <!-- Default suite -->
</testng-results>
