<?xml version="1.0" encoding="UTF-8"?>
<testng-results skipped="0" failed="0" ignored="0" total="1" passed="1">
  <reporter-output>
  </reporter-output>
  <suite name="Default suite" duration-ms="9595" started-at="2019-08-05T20:47:05Z" finished-at="2019-08-05T20:47:15Z">
    <groups>
      <group name="cucumber">
        <method signature="AbstractTestNGCucumberTests.runScenario(cucumber.api.testng.PickleEventWrapper, cucumber.api.testng.CucumberFeatureWrapper)[pri:0, instance:com.app.orangehrm.runners.SmokeRunner@ff5b51f]" name="runScenario" class="cucumber.api.testng.AbstractTestNGCucumberTests"/>
      </group> <!-- cucumber -->
    </groups>
    <test name="Default test" duration-ms="9595" started-at="2019-08-05T20:47:05Z" finished-at="2019-08-05T20:47:15Z">
      <class name="com.app.orangehrm.runners.SmokeRunner">
        <test-method status="PASS" signature="setUpClass()[pri:0, instance:com.app.orangehrm.runners.SmokeRunner@ff5b51f]" name="setUpClass" is-config="true" duration-ms="136" started-at="2019-08-05T20:47:05Z" finished-at="2019-08-05T20:47:05Z">
          <reporter-output>
          </reporter-output>
        </test-method> <!-- setUpClass -->
        <test-method status="PASS" signature="runScenario(cucumber.api.testng.PickleEventWrapper, cucumber.api.testng.CucumberFeatureWrapper)[pri:0, instance:com.app.orangehrm.runners.SmokeRunner@ff5b51f]" name="runScenario" duration-ms="9348" started-at="2019-08-05T20:47:05Z" description="Runs Cucumber Scenarios" data-provider="scenarios" finished-at="2019-08-05T20:47:15Z">
          <params>
            <param index="0">
              <value>
                <![CDATA["User can login application"]]>
              </value>
            </param>
            <param index="1">
              <value>
                <![CDATA["Login"]]>
              </value>
            </param>
          </params>
          <reporter-output>
          </reporter-output>
        </test-method> <!-- runScenario -->
        <test-method status="PASS" signature="tearDownClass()[pri:0, instance:com.app.orangehrm.runners.SmokeRunner@ff5b51f]" name="tearDownClass" is-config="true" duration-ms="40" started-at="2019-08-05T20:47:15Z" finished-at="2019-08-05T20:47:15Z">
          <reporter-output>
          </reporter-output>
        </test-method> <!-- tearDownClass -->
      </class> <!-- com.app.orangehrm.runners.SmokeRunner -->
    </test> <!-- Default test -->
  </suite> <!-- Default suite -->
</testng-results>
