<?xml version="1.0" encoding="UTF-8"?>
<testng-results skipped="0" failed="0" ignored="0" total="1" passed="1">
  <reporter-output>
  </reporter-output>
  <suite name="Default suite" duration-ms="14830" started-at="2019-06-26T11:13:50Z" finished-at="2019-06-26T11:14:05Z">
    <groups>
    </groups>
    <test name="Default test" duration-ms="14830" started-at="2019-06-26T11:13:50Z" finished-at="2019-06-26T11:14:05Z">
      <class name="testngclasses.CreatNewEmp">
        <test-method status="PASS" signature="beforeTest()[pri:0, instance:testngclasses.CreatNewEmp@1e397ed7]" name="beforeTest" is-config="true" duration-ms="8542" started-at="2019-06-26T11:13:50Z" finished-at="2019-06-26T11:13:59Z">
          <reporter-output>
          </reporter-output>
        </test-method> <!-- beforeTest -->
        <test-method status="PASS" signature="test()[pri:0, instance:testngclasses.CreatNewEmp@1e397ed7]" name="test" duration-ms="4117" started-at="2019-06-26T11:13:59Z" finished-at="2019-06-26T11:14:03Z">
          <reporter-output>
          </reporter-output>
        </test-method> <!-- test -->
        <test-method status="PASS" signature="afterTest()[pri:0, instance:testngclasses.CreatNewEmp@1e397ed7]" name="afterTest" is-config="true" duration-ms="2145" started-at="2019-06-26T11:14:03Z" finished-at="2019-06-26T11:14:05Z">
          <reporter-output>
          </reporter-output>
        </test-method> <!-- afterTest -->
      </class> <!-- testngclasses.CreatNewEmp -->
    </test> <!-- Default test -->
  </suite> <!-- Default suite -->
</testng-results>
