<?xml version="1.0" encoding="UTF-8"?>
<testng-results skipped="0" failed="0" ignored="0" total="3" passed="3">
  <reporter-output>
  </reporter-output>
  <suite name="Default suite" duration-ms="30207" started-at="2019-07-29T22:28:56Z" finished-at="2019-07-29T22:29:26Z">
    <groups>
      <group name="cucumber">
        <method signature="AbstractTestNGCucumberTests.runScenario(cucumber.api.testng.PickleEventWrapper, cucumber.api.testng.CucumberFeatureWrapper)[pri:0, instance:com.app.orangehrm.runners.CukesRunner@ff5b51f]" name="runScenario" class="cucumber.api.testng.AbstractTestNGCucumberTests"/>
      </group> <!-- cucumber -->
    </groups>
    <test name="Default test" duration-ms="30207" started-at="2019-07-29T22:28:56Z" finished-at="2019-07-29T22:29:26Z">
      <class name="com.app.orangehrm.runners.CukesRunner">
        <test-method status="PASS" signature="setUpClass()[pri:0, instance:com.app.orangehrm.runners.CukesRunner@ff5b51f]" name="setUpClass" is-config="true" duration-ms="143" started-at="2019-07-29T22:28:56Z" finished-at="2019-07-29T22:28:56Z">
          <reporter-output>
          </reporter-output>
        </test-method> <!-- setUpClass -->
        <test-method status="PASS" signature="runScenario(cucumber.api.testng.PickleEventWrapper, cucumber.api.testng.CucumberFeatureWrapper)[pri:0, instance:com.app.orangehrm.runners.CukesRunner@ff5b51f]" name="runScenario" duration-ms="10667" started-at="2019-07-29T22:28:56Z" description="Runs Cucumber Scenarios" data-provider="scenarios" finished-at="2019-07-29T22:29:06Z">
          <params>
            <param index="0">
              <value>
                <![CDATA["As a Admin create a new user"]]>
              </value>
            </param>
            <param index="1">
              <value>
                <![CDATA["To add a new user"]]>
              </value>
            </param>
          </params>
          <reporter-output>
          </reporter-output>
        </test-method> <!-- runScenario -->
        <test-method status="PASS" signature="runScenario(cucumber.api.testng.PickleEventWrapper, cucumber.api.testng.CucumberFeatureWrapper)[pri:0, instance:com.app.orangehrm.runners.CukesRunner@ff5b51f]" name="runScenario" duration-ms="11581" started-at="2019-07-29T22:29:06Z" description="Runs Cucumber Scenarios" data-provider="scenarios" finished-at="2019-07-29T22:29:18Z">
          <params>
            <param index="0">
              <value>
                <![CDATA["As an User can login"]]>
              </value>
            </param>
            <param index="1">
              <value>
                <![CDATA["To add a new user"]]>
              </value>
            </param>
          </params>
          <reporter-output>
          </reporter-output>
        </test-method> <!-- runScenario -->
        <test-method status="PASS" signature="runScenario(cucumber.api.testng.PickleEventWrapper, cucumber.api.testng.CucumberFeatureWrapper)[pri:0, instance:com.app.orangehrm.runners.CukesRunner@ff5b51f]" name="runScenario" duration-ms="7663" started-at="2019-07-29T22:29:18Z" description="Runs Cucumber Scenarios" data-provider="scenarios" finished-at="2019-07-29T22:29:26Z">
          <params>
            <param index="0">
              <value>
                <![CDATA["User can login application"]]>
              </value>
            </param>
            <param index="1">
              <value>
                <![CDATA["Login"]]>
              </value>
            </param>
          </params>
          <reporter-output>
          </reporter-output>
        </test-method> <!-- runScenario -->
        <test-method status="PASS" signature="tearDownClass()[pri:0, instance:com.app.orangehrm.runners.CukesRunner@ff5b51f]" name="tearDownClass" is-config="true" duration-ms="76" started-at="2019-07-29T22:29:26Z" finished-at="2019-07-29T22:29:26Z">
          <reporter-output>
          </reporter-output>
        </test-method> <!-- tearDownClass -->
      </class> <!-- com.app.orangehrm.runners.CukesRunner -->
    </test> <!-- Default test -->
  </suite> <!-- Default suite -->
</testng-results>
