<?xml version="1.0" encoding="UTF-8"?>
<testng-results skipped="0" failed="0" ignored="0" total="1" passed="1">
  <reporter-output>
  </reporter-output>
  <suite name="Default suite" duration-ms="62509" started-at="2019-06-27T00:15:33Z" finished-at="2019-06-27T00:16:35Z">
    <groups>
    </groups>
    <test name="Default test" duration-ms="62509" started-at="2019-06-27T00:15:33Z" finished-at="2019-06-27T00:16:35Z">
      <class name="testngclasses.TestCreateEmployee">
        <test-method status="PASS" signature="beforeTest()[pri:0, instance:testngclasses.TestCreateEmployee@1e397ed7]" name="beforeTest" is-config="true" duration-ms="9027" started-at="2019-06-27T00:15:33Z" finished-at="2019-06-27T00:15:42Z">
          <reporter-output>
          </reporter-output>
        </test-method> <!-- beforeTest -->
        <test-method status="PASS" signature="createEmployee()[pri:0, instance:testngclasses.TestCreateEmployee@1e397ed7]" name="createEmployee" duration-ms="53458" started-at="2019-06-27T00:15:42Z" finished-at="2019-06-27T00:16:35Z">
          <reporter-output>
          </reporter-output>
        </test-method> <!-- createEmployee -->
        <test-method status="PASS" signature="afterTest()[pri:0, instance:testngclasses.TestCreateEmployee@1e397ed7]" name="afterTest" is-config="true" duration-ms="0" started-at="2019-06-27T00:16:35Z" finished-at="2019-06-27T00:16:35Z">
          <reporter-output>
          </reporter-output>
        </test-method> <!-- afterTest -->
      </class> <!-- testngclasses.TestCreateEmployee -->
    </test> <!-- Default test -->
  </suite> <!-- Default suite -->
</testng-results>
