<?xml version="1.0" encoding="UTF-8"?>
<testng-results skipped="0" failed="0" ignored="0" total="1" passed="1">
  <reporter-output>
  </reporter-output>
  <suite name="Default suite" duration-ms="54197" started-at="2019-06-28T01:54:17Z" finished-at="2019-06-28T01:55:11Z">
    <groups>
    </groups>
    <test name="Default test" duration-ms="54197" started-at="2019-06-28T01:54:17Z" finished-at="2019-06-28T01:55:11Z">
      <class name="com.app.orangehrm.testngclasses.TestCreateEmployee">
        <test-method status="PASS" signature="beforeTest()[pri:0, instance:com.app.orangehrm.testngclasses.TestCreateEmployee@7085bdee]" name="beforeTest" is-config="true" duration-ms="10542" started-at="2019-06-28T01:54:17Z" finished-at="2019-06-28T01:54:28Z">
          <reporter-output>
          </reporter-output>
        </test-method> <!-- beforeTest -->
        <test-method status="PASS" signature="createEmployee()[pri:0, instance:com.app.orangehrm.testngclasses.TestCreateEmployee@7085bdee]" name="createEmployee" duration-ms="43627" started-at="2019-06-28T01:54:28Z" finished-at="2019-06-28T01:55:11Z">
          <reporter-output>
          </reporter-output>
        </test-method> <!-- createEmployee -->
        <test-method status="PASS" signature="afterTest()[pri:0, instance:com.app.orangehrm.testngclasses.TestCreateEmployee@7085bdee]" name="afterTest" is-config="true" duration-ms="1" started-at="2019-06-28T01:55:11Z" finished-at="2019-06-28T01:55:11Z">
          <reporter-output>
          </reporter-output>
        </test-method> <!-- afterTest -->
      </class> <!-- com.app.orangehrm.testngclasses.TestCreateEmployee -->
    </test> <!-- Default test -->
  </suite> <!-- Default suite -->
</testng-results>
