<?xml version="1.0" encoding="UTF-8"?>
<testng-results skipped="0" failed="0" ignored="0" total="1" passed="1">
  <reporter-output>
  </reporter-output>
  <suite name="Default suite" duration-ms="9215" started-at="2019-06-25T17:00:14Z" finished-at="2019-06-25T17:00:24Z">
    <groups>
      <group name="cucumber">
        <method signature="AbstractTestNGCucumberTests.runScenario(cucumber.api.testng.PickleEventWrapper, cucumber.api.testng.CucumberFeatureWrapper)[pri:0, instance:com.app.orangehrm.runners.CukesRunner@5702b3b1]" name="runScenario" class="cucumber.api.testng.AbstractTestNGCucumberTests"/>
      </group> <!-- cucumber -->
    </groups>
    <test name="Default test" duration-ms="9215" started-at="2019-06-25T17:00:14Z" finished-at="2019-06-25T17:00:24Z">
      <class name="com.app.orangehrm.runners.CukesRunner">
        <test-method status="PASS" signature="setUpClass()[pri:0, instance:com.app.orangehrm.runners.CukesRunner@5702b3b1]" name="setUpClass" is-config="true" duration-ms="157" started-at="2019-06-25T17:00:14Z" finished-at="2019-06-25T17:00:15Z">
          <reporter-output>
          </reporter-output>
        </test-method> <!-- setUpClass -->
        <test-method status="PASS" signature="runScenario(cucumber.api.testng.PickleEventWrapper, cucumber.api.testng.CucumberFeatureWrapper)[pri:0, instance:com.app.orangehrm.runners.CukesRunner@5702b3b1]" name="runScenario" duration-ms="8953" started-at="2019-06-25T17:00:15Z" description="Runs Cucumber Scenarios" data-provider="scenarios" finished-at="2019-06-25T17:00:24Z">
          <params>
            <param index="0">
              <value>
                <![CDATA["dfdfdf"]]>
              </value>
            </param>
            <param index="1">
              <value>
                <![CDATA["dgfgfg"]]>
              </value>
            </param>
          </params>
          <reporter-output>
          </reporter-output>
        </test-method> <!-- runScenario -->
        <test-method status="PASS" signature="tearDownClass()[pri:0, instance:com.app.orangehrm.runners.CukesRunner@5702b3b1]" name="tearDownClass" is-config="true" duration-ms="45" started-at="2019-06-25T17:00:24Z" finished-at="2019-06-25T17:00:24Z">
          <reporter-output>
          </reporter-output>
        </test-method> <!-- tearDownClass -->
      </class> <!-- com.app.orangehrm.runners.CukesRunner -->
    </test> <!-- Default test -->
  </suite> <!-- Default suite -->
</testng-results>
